Summary of SPARK analysis
=========================

--------------------------------------------------------------------------------------------
SPARK Analysis results        Total       Flow   CodePeer     Provers   Justified   Unproved
--------------------------------------------------------------------------------------------
Data Dependencies                 6          6          .           .           .          .
Flow Dependencies                 .          .          .           .           .          .
Initialization                    .          .          .           .           .          .
Non-Aliasing                      .          .          .           .           .          .
Run-time Checks                   1          .          .           .           .          1
Assertions                        .          .          .           .           .          .
Functional Contracts              6          .          .    5 (CVC4)           .          1
LSP Verification                  .          .          .           .           .          .
Termination                       .          .          .           .           .          .
Concurrency                       .          .          .           .           .          .
--------------------------------------------------------------------------------------------
Total                            13    6 (46%)          .     5 (38%)           .    2 (15%)


max steps used for successful proof: 1

Analyzed 1 unit
in unit selfdrivingcar, 8 subprograms and packages out of 8 analyzed
  selfDrivingCar at selfdrivingcar.ads:1 flow analyzed (0 errors, 0 checks and 0 warnings) and proved (0 checks)
  selfDrivingCar.changeGear at selfdrivingcar.ads:60 flow analyzed (0 errors, 0 checks and 0 warnings) and not proved, 0 checks out of 1 proved
  selfDrivingCar.driveCar at selfdrivingcar.ads:49 flow analyzed (0 errors, 0 checks and 0 warnings) and not proved, 1 checks out of 2 proved
  selfDrivingCar.enableDiagnosticMode at selfdrivingcar.ads:70 flow analyzed (0 errors, 0 checks and 0 warnings) and proved (1 checks)
  selfDrivingCar.lowCharge at selfdrivingcar.ads:55 flow analyzed (0 errors, 0 checks and 0 warnings) and proved (1 checks)
  selfDrivingCar.minimumCharge at selfdrivingcar.ads:31 flow analyzed (0 errors, 0 checks and 0 warnings) and proved (0 checks)
  selfDrivingCar.objectDetection at selfdrivingcar.ads:65 flow analyzed (0 errors, 0 checks and 0 warnings) and proved (1 checks)
  selfDrivingCar.turnOnCar at selfdrivingcar.ads:44 flow analyzed (0 errors, 0 checks and 0 warnings) and proved (1 checks)
