Summary of SPARK analysis
=========================

--------------------------------------------------------------------------------------------
SPARK Analysis results        Total       Flow   CodePeer     Provers   Justified   Unproved
--------------------------------------------------------------------------------------------
Data Dependencies                 9          9          .           .           .          .
Flow Dependencies                 .          .          .           .           .          .
Initialization                    .          .          .           .           .          .
Non-Aliasing                      .          .          .           .           .          .
Run-time Checks                   1          .          .    1 (CVC4)           .          .
Assertions                        .          .          .           .           .          .
Functional Contracts              9          .          .    9 (CVC4)           .          .
LSP Verification                  .          .          .           .           .          .
Termination                       .          .          .           .           .          .
Concurrency                       .          .          .           .           .          .
--------------------------------------------------------------------------------------------
Total                            19    9 (47%)          .    10 (53%)           .          .


max steps used for successful proof: 1

Analyzed 1 unit
in unit selfdrivingcar, 12 subprograms and packages out of 12 analyzed
  selfDrivingCar at selfdrivingcar.ads:1 flow analyzed (0 errors, 0 checks and 0 warnings) and proved (0 checks)
  selfDrivingCar.carSpeedLimit at selfdrivingcar.ads:52 flow analyzed (0 errors, 0 checks and 0 warnings) and proved (1 checks)
  selfDrivingCar.changeGear at selfdrivingcar.ads:62 flow analyzed (0 errors, 0 checks and 0 warnings) and proved (1 checks)
  selfDrivingCar.driveCar at selfdrivingcar.ads:42 flow analyzed (0 errors, 0 checks and 0 warnings) and proved (2 checks)
  selfDrivingCar.enableDiagnosticMode at selfdrivingcar.ads:72 flow analyzed (0 errors, 0 checks and 0 warnings) and proved (1 checks)
  selfDrivingCar.increaseSpeed at selfdrivingcar.ads:47 flow analyzed (0 errors, 0 checks and 0 warnings) and proved (1 checks)
  selfDrivingCar.lowCharge at selfdrivingcar.ads:57 flow analyzed (0 errors, 0 checks and 0 warnings) and proved (1 checks)
  selfDrivingCar.minimumCharge at selfdrivingcar.ads:29 flow analyzed (0 errors, 0 checks and 0 warnings) and proved (0 checks)
  selfDrivingCar.objectDetection at selfdrivingcar.ads:67 flow analyzed (0 errors, 0 checks and 0 warnings) and proved (1 checks)
  selfDrivingCar.speedLimit at selfdrivingcar.ads:33 flow analyzed (0 errors, 0 checks and 0 warnings) and proved (0 checks)
  selfDrivingCar.trafficLightSignal at selfdrivingcar.ads:77 flow analyzed (0 errors, 0 checks and 0 warnings) and proved (1 checks)
  selfDrivingCar.turnOnCar at selfdrivingcar.ads:37 flow analyzed (0 errors, 0 checks and 0 warnings) and proved (1 checks)
